---
driver=<class 'textual.drivers.windows_driver.WindowsDriver'>
Load() >>> Jans_cli(title='Textual')
event monitor constructed
event monitor thread started
Mount() >>> Jans_cli(title='Grid Test')
Mount() >>> DockView(name='DockView#1')
Mount() >>> View(name='left')
Mount() >>> NavBar(name='navbar')
view.forwarded Key(key='left')
Key(key='left') >>> Jans_cli(title='Grid Test')
ACTION Jans_cli(title='Grid Test') left
view.forwarded Key(key='right')
Key(key='right') >>> Jans_cli(title='Grid Test')
view.forwarded Key(key='left')
Key(key='left') >>> Jans_cli(title='Grid Test')
ACTION Jans_cli(title='Grid Test') left
view.forwarded Key(key='right')
Key(key='right') >>> Jans_cli(title='Grid Test')
view.forwarded Key(key='left')
Key(key='left') >>> Jans_cli(title='Grid Test')
ACTION Jans_cli(title='Grid Test') left
view.forwarded Key(key='right')
Key(key='right') >>> Jans_cli(title='Grid Test')
view.forwarded Key(key='left')
Key(key='left') >>> Jans_cli(title='Grid Test')
ACTION Jans_cli(title='Grid Test') left
view.forwarded Key(key='right')
Key(key='right') >>> Jans_cli(title='Grid Test')
view.forwarded Key(key='left')
Key(key='left') >>> Jans_cli(title='Grid Test')
ACTION Jans_cli(title='Grid Test') left
view.forwarded Key(key='right')
Key(key='right') >>> Jans_cli(title='Grid Test')
Enter() >>> NavBar(name='navbar')
set_focus NavBar(name='navbar')
MouseDown(x=64, y=3, button=1) >>> NavBar(name='navbar')
MouseDown(x=64, y=3, button=1) >>> NavBar(name='navbar')
MouseUp(x=64, y=3, button=1) >>> NavBar(name='navbar')
MouseUp(x=64, y=3, button=1) >>> NavBar(name='navbar')
Click(x=64, y=3, button=1) >>> NavBar(name='navbar')
Click(x=64, y=3, button=1) >>> NavBar(name='navbar')
Key(key='left') >>> Jans_cli(title='Grid Test')
ACTION Jans_cli(title='Grid Test') left
Key(key='right') >>> Jans_cli(title='Grid Test')
Key(key='left') >>> Jans_cli(title='Grid Test')
ACTION Jans_cli(title='Grid Test') left
Key(key='right') >>> Jans_cli(title='Grid Test')
Key(key='left') >>> Jans_cli(title='Grid Test')
ACTION Jans_cli(title='Grid Test') left
Key(key='right') >>> Jans_cli(title='Grid Test')
Key(key='right') >>> Jans_cli(title='Grid Test')
Key(key='right') >>> Jans_cli(title='Grid Test')
Key(key='right') >>> Jans_cli(title='Grid Test')
Key(key='right') >>> Jans_cli(title='Grid Test')
Key(key='right') >>> Jans_cli(title='Grid Test')
Key(key='right') >>> Jans_cli(title='Grid Test')
Key(key='right') >>> Jans_cli(title='Grid Test')
Key(key='right') >>> Jans_cli(title='Grid Test')
Key(key='right') >>> Jans_cli(title='Grid Test')
Key(key='right') >>> Jans_cli(title='Grid Test')
Key(key='right') >>> Jans_cli(title='Grid Test')
Key(key='right') >>> Jans_cli(title='Grid Test')
Key(key='right') >>> Jans_cli(title='Grid Test')
Key(key='right') >>> Jans_cli(title='Grid Test')
Key(key='left') >>> Jans_cli(title='Grid Test')
ACTION Jans_cli(title='Grid Test') left
Key(key='left') >>> Jans_cli(title='Grid Test')
ACTION Jans_cli(title='Grid Test') left
set_focus NavBar(name='navbar')
MouseDown(x=62, y=3, button=1) >>> NavBar(name='navbar')
MouseDown(x=62, y=3, button=1) >>> NavBar(name='navbar')
MouseUp(x=62, y=3, button=1) >>> NavBar(name='navbar')
MouseUp(x=62, y=3, button=1) >>> NavBar(name='navbar')
Click(x=62, y=3, button=1) >>> NavBar(name='navbar')
Click(x=62, y=3, button=1) >>> NavBar(name='navbar')
Key(key='left') >>> Jans_cli(title='Grid Test')
ACTION Jans_cli(title='Grid Test') left
set_focus NavBar(name='navbar')
MouseDown(x=62, y=3, button=1) >>> NavBar(name='navbar')
MouseDown(x=62, y=3, button=1) >>> NavBar(name='navbar')
MouseUp(x=62, y=3, button=1) >>> NavBar(name='navbar')
MouseUp(x=62, y=3, button=1) >>> NavBar(name='navbar')
Click(x=62, y=3, button=1) >>> NavBar(name='navbar')
Click(x=62, y=3, button=1) >>> NavBar(name='navbar')
Key(key='left') >>> Jans_cli(title='Grid Test')
ACTION Jans_cli(title='Grid Test') left
set_focus NavBar(name='navbar')
MouseDown(x=54, y=3, button=1) >>> NavBar(name='navbar')
MouseDown(x=54, y=3, button=1) >>> NavBar(name='navbar')
MouseUp(x=54, y=3, button=1) >>> NavBar(name='navbar')
MouseUp(x=54, y=3, button=1) >>> NavBar(name='navbar')
Click(x=54, y=3, button=1) >>> NavBar(name='navbar')
Click(x=54, y=3, button=1) >>> NavBar(name='navbar')
Key(key='right') >>> Jans_cli(title='Grid Test')
Key(key='right') >>> Jans_cli(title='Grid Test')
Key(key='right') >>> Jans_cli(title='Grid Test')
Key(key='right') >>> Jans_cli(title='Grid Test')
Leave() >>> NavBar(name='navbar')
Enter() >>> Placeholder(name='Placeholder#1')
Leave() >>> Placeholder(name='Placeholder#1', mouse_over=True)
Enter() >>> NavBar(name='navbar')
Leave() >>> NavBar(name='navbar')
Enter() >>> Placeholder(name='Placeholder#1')
set_focus Placeholder(name='Placeholder#1', mouse_over=True)
Focus() >>> Placeholder(name='Placeholder#1', mouse_over=True)
MouseDown(x=53, y=8, screen_y=13, button=1) >>> Placeholder(name='Placeholder#1', has_focus=True, mouse_over=True)
MouseUp(x=53, y=8, screen_y=13, button=1) >>> Placeholder(name='Placeholder#1', has_focus=True, mouse_over=True)
Click(x=53, y=8, screen_y=13, button=1) >>> Placeholder(name='Placeholder#1', has_focus=True, mouse_over=True)
set_focus Placeholder(name='Placeholder#1', has_focus=True, mouse_over=True)
MouseDown(x=53, y=8, screen_y=13, button=1) >>> Placeholder(name='Placeholder#1', has_focus=True, mouse_over=True)
MouseUp(x=53, y=8, screen_y=13, button=1) >>> Placeholder(name='Placeholder#1', has_focus=True, mouse_over=True)
Click(x=53, y=8, screen_y=13, button=1) >>> Placeholder(name='Placeholder#1', has_focus=True, mouse_over=True)
Key(key='right') >>> Jans_cli(title='Grid Test')
Key(key='left') >>> Jans_cli(title='Grid Test')
ACTION Jans_cli(title='Grid Test') left
Leave() >>> Placeholder(name='Placeholder#1', has_focus=True, mouse_over=True)
Enter() >>> NavBar(name='navbar')
set_focus NavBar(name='navbar')
Blur() >>> Placeholder(name='Placeholder#1', has_focus=True)
MouseDown(x=64, y=3, button=1) >>> NavBar(name='navbar')
MouseDown(x=64, y=3, button=1) >>> NavBar(name='navbar')
MouseUp(x=64, y=3, button=1) >>> NavBar(name='navbar')
MouseUp(x=64, y=3, button=1) >>> NavBar(name='navbar')
Click(x=64, y=3, button=1) >>> NavBar(name='navbar')
Click(x=64, y=3, button=1) >>> NavBar(name='navbar')
Leave() >>> NavBar(name='navbar')
Enter() >>> Placeholder(name='Placeholder#1')
Key(key='left') >>> Jans_cli(title='Grid Test')
ACTION Jans_cli(title='Grid Test') left
Key(key='left') >>> Jans_cli(title='Grid Test')
ACTION Jans_cli(title='Grid Test') left
Key(key='right') >>> Jans_cli(title='Grid Test')
Key(key='right') >>> Jans_cli(title='Grid Test')
Key(key='up') >>> Jans_cli(title='Grid Test')
Key(key='right') >>> Jans_cli(title='Grid Test')
Key(key='down') >>> Jans_cli(title='Grid Test')
Key(key='left') >>> Jans_cli(title='Grid Test')
ACTION Jans_cli(title='Grid Test') left
Key(key='right') >>> Jans_cli(title='Grid Test')
Key(key='down') >>> Jans_cli(title='Grid Test')
Key(key='right') >>> Jans_cli(title='Grid Test')
Key(key='left') >>> Jans_cli(title='Grid Test')
ACTION Jans_cli(title='Grid Test') left
Key(key='right') >>> Jans_cli(title='Grid Test')
Key(key='up') >>> Jans_cli(title='Grid Test')
Leave() >>> Placeholder(name='Placeholder#1', mouse_over=True)
Enter() >>> NavBar(name='navbar')
Leave() >>> NavBar(name='navbar')
Enter() >>> Placeholder(name='Placeholder#1')
set_focus Placeholder(name='Placeholder#1', mouse_over=True)
Focus() >>> Placeholder(name='Placeholder#1', mouse_over=True)
MouseDown(x=67, y=8, screen_y=13, button=1) >>> Placeholder(name='Placeholder#1', has_focus=True, mouse_over=True)
MouseUp(x=67, y=8, screen_y=13, button=1) >>> Placeholder(name='Placeholder#1', has_focus=True, mouse_over=True)
Click(x=67, y=8, screen_y=13, button=1) >>> Placeholder(name='Placeholder#1', has_focus=True, mouse_over=True)
Leave() >>> Placeholder(name='Placeholder#1', has_focus=True, mouse_over=True)
Leave() >>> Footer(keys=[])
Enter() >>> NavBar(name='navbar')
Leave() >>> NavBar(name='navbar')
Enter() >>> Placeholder(name='Placeholder#1', has_focus=True)
Leave() >>> Placeholder(name='Placeholder#1', has_focus=True, mouse_over=True)
Leave() >>> Footer(keys=[])
Enter() >>> NavBar(name='navbar')
Key(key='ctrl+@') >>> Jans_cli(title='Grid Test')
Key(key='ctrl+c') >>> Jans_cli(title='Grid Test')
ACTION Jans_cli(title='Grid Test') quit
event monitor thread finished
CLOSED Jans_cli(title='Grid Test')
PROCESS END
CLOSED Placeholder(name='Placeholder#1', has_focus=True)
CLOSED Footer(keys=[])
CLOSED View(name='left')
CLOSED NavBar(name='navbar')
