---
driver=<class 'textual.drivers.windows_driver.WindowsDriver'>
event monitor constructed
event monitor thread started
Mount() >>> Jans_cli(title='Grid Test')
Mount() >>> DockView(name='DockView#1')
Mount() >>> View(name='left')
Enter() >>> RadioButtons(name='web')
Leave() >>> RadioButtons(name='web')
Enter() >>> CustomTextInput(name='redirectUris', title='Redirect Uris: ', value='', on_change_handler_name='handle_input_on_change', on_focus_handler_name='handle_input_on_focus')
Leave() >>> CustomTextInput(name='redirectUris', title='Redirect Uris: ', value='', on_change_handler_name='handle_input_on_change', on_focus_handler_name='handle_input_on_focus')
Enter() >>> CustomTextInput(name='clientSecret', title='Client Secret: ', value='', on_change_handler_name='handle_input_on_change', on_focus_handler_name='handle_input_on_focus')
Leave() >>> CustomTextInput(name='clientSecret', title='Client Secret: ', value='', on_change_handler_name='handle_input_on_change', on_focus_handler_name='handle_input_on_focus')
Enter() >>> CustomTextInput(name='displayName', title='Display Name: ', value='', on_change_handler_name='handle_input_on_change', on_focus_handler_name='handle_input_on_focus')
Leave() >>> CustomTextInput(name='displayName', title='Display Name: ', value='', on_change_handler_name='handle_input_on_change', on_focus_handler_name='handle_input_on_focus')
Enter() >>> CustomTextInput(name='clientSecret', title='Client Secret: ', value='', on_change_handler_name='handle_input_on_change', on_focus_handler_name='handle_input_on_focus')
Leave() >>> CustomTextInput(name='clientSecret', title='Client Secret: ', value='', on_change_handler_name='handle_input_on_change', on_focus_handler_name='handle_input_on_focus')
Enter() >>> CustomTextInput(name='displayName', title='Display Name: ', value='', on_change_handler_name='handle_input_on_change', on_focus_handler_name='handle_input_on_focus')
set_focus CustomTextInput(name='displayName', title='Display Name: ', value='', on_change_handler_name='handle_input_on_change', on_focus_handler_name='handle_input_on_focus')
Focus() >>> CustomTextInput(name='displayName', title='Display Name: ', value='', on_change_handler_name='handle_input_on_change', on_focus_handler_name='handle_input_on_focus')
MouseDown(x=26, y=2, button=1) >>> CustomTextInput(name='displayName', title='Display Name: ', value='', on_change_handler_name='handle_input_on_change', on_focus_handler_name='handle_input_on_focus')
MouseUp(x=26, y=2, button=1) >>> CustomTextInput(name='displayName', title='Display Name: ', value='', on_change_handler_name='handle_input_on_change', on_focus_handler_name='handle_input_on_focus')
Click(x=26, y=2, button=1) >>> CustomTextInput(name='displayName', title='Display Name: ', value='', on_change_handler_name='handle_input_on_change', on_focus_handler_name='handle_input_on_focus')
Leave() >>> CustomTextInput(name='displayName', title='Display Name: ', value='', on_change_handler_name='handle_input_on_change', on_focus_handler_name='handle_input_on_focus')
Enter() >>> CustomTextInput(name='clientSecret', title='Client Secret: ', value='', on_change_handler_name='handle_input_on_change', on_focus_handler_name='handle_input_on_focus')
set_focus CustomTextInput(name='clientSecret', title='Client Secret: ', value='', on_change_handler_name='handle_input_on_change', on_focus_handler_name='handle_input_on_focus')
Blur() >>> CustomTextInput(name='displayName', title='Display Name: ', value='', on_change_handler_name='handle_input_on_change', on_focus_handler_name='handle_input_on_focus')
Focus() >>> CustomTextInput(name='clientSecret', title='Client Secret: ', value='', on_change_handler_name='handle_input_on_change', on_focus_handler_name='handle_input_on_focus')
MouseDown(x=26, y=0, screen_y=3, button=1) >>> CustomTextInput(name='clientSecret', title='Client Secret: ', value='', on_change_handler_name='handle_input_on_change', on_focus_handler_name='handle_input_on_focus')
MouseUp(x=26, y=0, screen_y=3, button=1) >>> CustomTextInput(name='clientSecret', title='Client Secret: ', value='', on_change_handler_name='handle_input_on_change', on_focus_handler_name='handle_input_on_focus')
Click(x=26, y=0, screen_y=3, button=1) >>> CustomTextInput(name='clientSecret', title='Client Secret: ', value='', on_change_handler_name='handle_input_on_change', on_focus_handler_name='handle_input_on_focus')
Leave() >>> CustomTextInput(name='clientSecret', title='Client Secret: ', value='', on_change_handler_name='handle_input_on_change', on_focus_handler_name='handle_input_on_focus')
Enter() >>> CustomTextInput(name='redirectUris', title='Redirect Uris: ', value='', on_change_handler_name='handle_input_on_change', on_focus_handler_name='handle_input_on_focus')
set_focus CustomTextInput(name='redirectUris', title='Redirect Uris: ', value='', on_change_handler_name='handle_input_on_change', on_focus_handler_name='handle_input_on_focus')
Blur() >>> CustomTextInput(name='clientSecret', title='Client Secret: ', value='', on_change_handler_name='handle_input_on_change', on_focus_handler_name='handle_input_on_focus')
Focus() >>> CustomTextInput(name='redirectUris', title='Redirect Uris: ', value='', on_change_handler_name='handle_input_on_change', on_focus_handler_name='handle_input_on_focus')
MouseDown(x=25, y=0, screen_y=6, button=1) >>> CustomTextInput(name='redirectUris', title='Redirect Uris: ', value='', on_change_handler_name='handle_input_on_change', on_focus_handler_name='handle_input_on_focus')
MouseUp(x=25, y=0, screen_y=6, button=1) >>> CustomTextInput(name='redirectUris', title='Redirect Uris: ', value='', on_change_handler_name='handle_input_on_change', on_focus_handler_name='handle_input_on_focus')
Click(x=25, y=0, screen_y=6, button=1) >>> CustomTextInput(name='redirectUris', title='Redirect Uris: ', value='', on_change_handler_name='handle_input_on_change', on_focus_handler_name='handle_input_on_focus')
Leave() >>> CustomTextInput(name='redirectUris', title='Redirect Uris: ', value='', on_change_handler_name='handle_input_on_change', on_focus_handler_name='handle_input_on_focus')
Enter() >>> RadioButtons(name='web')
set_focus RadioButtons(name='web')
Blur() >>> CustomTextInput(name='redirectUris', title='Redirect Uris: ', value='', on_change_handler_name='handle_input_on_change', on_focus_handler_name='handle_input_on_focus')
MouseDown(x=19, y=1, screen_y=15, button=1) >>> RadioButtons(name='web')
MouseDown(x=19, y=1, screen_y=15, button=1) >>> RadioButtons(name='web')
MouseUp(x=19, y=1, screen_y=15, button=1) >>> RadioButtons(name='web')
MouseUp(x=19, y=1, screen_y=15, button=1) >>> RadioButtons(name='web')
Click(x=19, y=1, screen_y=15, button=1) >>> RadioButtons(name='web')
set_focus RadioButtons(name='web')
MouseDown(x=31, y=3, screen_y=17, button=1) >>> RadioButtons(name='web')
MouseDown(x=31, y=3, screen_y=17, button=1) >>> RadioButtons(name='web')
MouseUp(x=31, y=3, screen_y=17, button=1) >>> RadioButtons(name='web')
MouseUp(x=31, y=3, screen_y=17, button=1) >>> RadioButtons(name='web')
Click(x=31, y=3, screen_y=17, button=1) >>> RadioButtons(name='web')
set_focus RadioButtons(name='web')
MouseDown(x=25, y=2, screen_y=16, button=1) >>> RadioButtons(name='web')
MouseDown(x=25, y=2, screen_y=16, button=1) >>> RadioButtons(name='web')
MouseUp(x=25, y=2, screen_y=16, button=1) >>> RadioButtons(name='web')
MouseUp(x=25, y=2, screen_y=16, button=1) >>> RadioButtons(name='web')
Click(x=25, y=2, screen_y=16, button=1) >>> RadioButtons(name='web')
set_focus RadioButtons(name='web')
MouseDown(x=23, y=2, screen_y=16, button=1) >>> RadioButtons(name='web')
MouseDown(x=23, y=2, screen_y=16, button=1) >>> RadioButtons(name='web')
MouseUp(x=23, y=2, screen_y=16, button=1) >>> RadioButtons(name='web')
MouseUp(x=23, y=2, screen_y=16, button=1) >>> RadioButtons(name='web')
Click(x=23, y=2, screen_y=16, button=1) >>> RadioButtons(name='web')
set_focus RadioButtons(name='web')
MouseDown(x=23, y=2, screen_y=16, button=1) >>> RadioButtons(name='web')
MouseDown(x=23, y=2, screen_y=16, button=1) >>> RadioButtons(name='web')
MouseUp(x=23, y=2, screen_y=16, button=1) >>> RadioButtons(name='web')
MouseUp(x=23, y=2, screen_y=16, button=1) >>> RadioButtons(name='web')
Click(x=23, y=2, screen_y=16, button=1) >>> RadioButtons(name='web')
Leave() >>> RadioButtons(name='web')
Enter() >>> CustomTextInput(name='redirectUris', title='Redirect Uris: ', value='', on_change_handler_name='handle_input_on_change', on_focus_handler_name='handle_input_on_focus')
set_focus CustomTextInput(name='redirectUris', title='Redirect Uris: ', value='', on_change_handler_name='handle_input_on_change', on_focus_handler_name='handle_input_on_focus')
Focus() >>> CustomTextInput(name='redirectUris', title='Redirect Uris: ', value='', on_change_handler_name='handle_input_on_change', on_focus_handler_name='handle_input_on_focus')
MouseDown(x=20, y=4, screen_y=10, button=1) >>> CustomTextInput(name='redirectUris', title='Redirect Uris: ', value='', on_change_handler_name='handle_input_on_change', on_focus_handler_name='handle_input_on_focus')
MouseUp(x=20, y=4, screen_y=10, button=1) >>> CustomTextInput(name='redirectUris', title='Redirect Uris: ', value='', on_change_handler_name='handle_input_on_change', on_focus_handler_name='handle_input_on_focus')
Click(x=20, y=4, screen_y=10, button=1) >>> CustomTextInput(name='redirectUris', title='Redirect Uris: ', value='', on_change_handler_name='handle_input_on_change', on_focus_handler_name='handle_input_on_focus')
set_focus CustomTextInput(name='redirectUris', title='Redirect Uris: ', value='', on_change_handler_name='handle_input_on_change', on_focus_handler_name='handle_input_on_focus')
MouseDown(x=20, y=4, screen_y=10, button=1) >>> CustomTextInput(name='redirectUris', title='Redirect Uris: ', value='', on_change_handler_name='handle_input_on_change', on_focus_handler_name='handle_input_on_focus')
MouseUp(x=20, y=4, screen_y=10, button=1) >>> CustomTextInput(name='redirectUris', title='Redirect Uris: ', value='', on_change_handler_name='handle_input_on_change', on_focus_handler_name='handle_input_on_focus')
Click(x=20, y=4, screen_y=10, button=1) >>> CustomTextInput(name='redirectUris', title='Redirect Uris: ', value='', on_change_handler_name='handle_input_on_change', on_focus_handler_name='handle_input_on_focus')
Leave() >>> CustomTextInput(name='redirectUris', title='Redirect Uris: ', value='', on_change_handler_name='handle_input_on_change', on_focus_handler_name='handle_input_on_focus')
Enter() >>> RadioButtons(name='web')
Leave() >>> RadioButtons(name='web')
Enter() >>> RadioButtons(name='web')
Leave() >>> RadioButtons(name='web')
Enter() >>> CustomTextInput(name='redirectUris', title='Redirect Uris: ', value='', on_change_handler_name='handle_input_on_change', on_focus_handler_name='handle_input_on_focus')
Leave() >>> CustomTextInput(name='redirectUris', title='Redirect Uris: ', value='', on_change_handler_name='handle_input_on_change', on_focus_handler_name='handle_input_on_focus')
Key(key='ctrl+@') >>> CustomTextInput(name='redirectUris', title='Redirect Uris: ', value='', on_change_handler_name='handle_input_on_change', on_focus_handler_name='handle_input_on_focus')
Key(key='ctrl+@') >>> Jans_cli(title='Grid Test')
Key(key='ctrl+c') >>> Jans_cli(title='Grid Test')
ACTION Jans_cli(title='Grid Test') quit
event monitor thread finished
CLOSED Jans_cli(title='Grid Test')
PROCESS END
