---
driver=<class 'textual.drivers.windows_driver.WindowsDriver'>
event monitor constructed
event monitor thread started
Mount() >>> MainApp(title='jans-clint-ui')
Mount() >>> DockView(name='DockView#1')
Mount() >>> Header('')
Mount() >>> wedGrid(name='wedGrid#1')
Mount() >>> wedGrid(name='wedGrid#1')
Enter() >>> InputText(name='clientSecret')
Leave() >>> InputText(name='clientSecret')
Enter() >>> InputText(name='clientSecret')
Leave() >>> InputText(name='clientSecret')
Enter() >>> InputText(name='displayName')
set_focus InputText(name='displayName')
MouseDown(x=6, y=1, screen_x=85, screen_y=18, button=1) >>> InputText(name='displayName')
MouseUp(x=6, y=1, screen_x=85, screen_y=18, button=1) >>> InputText(name='displayName')
Click(x=6, y=1, screen_x=85, screen_y=18, button=1) >>> InputText(name='displayName')
Key(key='a') >>> InputText(name='displayName')
Key(key='s') >>> InputText(name='displayName')
Key(key='a') >>> MainApp(title='jans-clint-ui')
Key(key='s') >>> MainApp(title='jans-clint-ui')
Leave() >>> InputText(name='displayName')
Key(key='d') >>> InputText(name='displayName')
Key(key='d') >>> MainApp(title='jans-clint-ui')
Enter() >>> InputText(name='clientSecret')
Key(key='a') >>> InputText(name='displayName')
Key(key='s') >>> InputText(name='displayName')
Key(key='a') >>> MainApp(title='jans-clint-ui')
Key(key='s') >>> MainApp(title='jans-clint-ui')
Key(key='d') >>> InputText(name='displayName')
Key(key='d') >>> MainApp(title='jans-clint-ui')
set_focus InputText(name='clientSecret')
MouseDown(x=9, y=1, screen_x=88, screen_y=25, button=1) >>> InputText(name='clientSecret')
MouseUp(x=9, y=1, screen_x=88, screen_y=25, button=1) >>> InputText(name='clientSecret')
Click(x=9, y=1, screen_x=88, screen_y=25, button=1) >>> InputText(name='clientSecret')
Leave() >>> InputText(name='clientSecret')
Key(key='s') >>> InputText(name='clientSecret')
Key(key='s') >>> MainApp(title='jans-clint-ui')
Enter() >>> InputText(name='redirectUrls')
Key(key='a') >>> InputText(name='clientSecret')
Key(key='a') >>> MainApp(title='jans-clint-ui')
Key(key='d') >>> InputText(name='clientSecret')
Key(key='d') >>> MainApp(title='jans-clint-ui')
set_focus InputText(name='redirectUrls')
MouseDown(x=5, y=0, screen_x=84, screen_y=31, button=1) >>> InputText(name='redirectUrls')
MouseUp(x=5, y=0, screen_x=84, screen_y=31, button=1) >>> InputText(name='redirectUrls')
Click(x=5, y=0, screen_x=84, screen_y=31, button=1) >>> InputText(name='redirectUrls')
Key(key='a') >>> InputText(name='redirectUrls')
Key(key='a') >>> MainApp(title='jans-clint-ui')
Key(key='s') >>> InputText(name='redirectUrls')
Key(key='s') >>> MainApp(title='jans-clint-ui')
Leave() >>> InputText(name='redirectUrls')
Enter() >>> InputText(name='clientSecret')
Key(key='d') >>> InputText(name='redirectUrls')
Key(key='d') >>> MainApp(title='jans-clint-ui')
set_focus InputText(name='clientSecret')
MouseDown(x=8, y=1, screen_x=87, screen_y=25, button=1) >>> InputText(name='clientSecret')
MouseUp(x=8, y=1, screen_x=87, screen_y=25, button=1) >>> InputText(name='clientSecret')
Click(x=8, y=1, screen_x=87, screen_y=25, button=1) >>> InputText(name='clientSecret')
set_focus InputText(name='clientSecret')
MouseDown(x=7, y=1, screen_x=86, screen_y=25, button=1) >>> InputText(name='clientSecret')
Key(key='s') >>> InputText(name='clientSecret')
Key(key='s') >>> MainApp(title='jans-clint-ui')
MouseUp(x=7, y=1, screen_x=86, screen_y=25, button=1) >>> InputText(name='clientSecret')
Click(x=7, y=1, screen_x=86, screen_y=25, button=1) >>> InputText(name='clientSecret')
Key(key='d') >>> InputText(name='clientSecret')
Key(key='d') >>> MainApp(title='jans-clint-ui')
Leave() >>> InputText(name='clientSecret')
Enter() >>> InputText(name='redirectUrls')
Leave() >>> InputText(name='redirectUrls')
set_focus Button(name='Submit')
MouseDown(x=31, y=1, screen_x=67, screen_y=39, button=1) >>> Button(name='Submit')
MouseUp(x=31, y=1, screen_x=67, screen_y=39, button=1) >>> Button(name='Submit')
Click(x=31, y=1, screen_x=67, screen_y=39, button=1) >>> Button(name='Submit')
ButtonPressed(Button(name='Submit')) >>> MainApp(title='jans-clint-ui')
set_focus Button(name='Submit')
MouseDown(x=31, y=1, screen_x=67, screen_y=39, button=1) >>> Button(name='Submit')
MouseUp(x=31, y=1, screen_x=67, screen_y=39, button=1) >>> Button(name='Submit')
Click(x=31, y=1, screen_x=67, screen_y=39, button=1) >>> Button(name='Submit')
ButtonPressed(Button(name='Submit')) >>> MainApp(title='jans-clint-ui')
set_focus Button(name='Submit')
MouseDown(x=21, y=1, screen_x=57, screen_y=39, button=1) >>> Button(name='Submit')
MouseUp(x=21, y=1, screen_x=57, screen_y=39, button=1) >>> Button(name='Submit')
Click(x=21, y=1, screen_x=57, screen_y=39, button=1) >>> Button(name='Submit')
ButtonPressed(Button(name='Submit')) >>> MainApp(title='jans-clint-ui')
set_focus Button(name='Submit')
MouseDown(x=21, y=1, screen_x=57, screen_y=39, button=1) >>> Button(name='Submit')
MouseUp(x=21, y=1, screen_x=57, screen_y=39, button=1) >>> Button(name='Submit')
Click(x=21, y=1, screen_x=57, screen_y=39, button=1) >>> Button(name='Submit')
ButtonPressed(Button(name='Submit')) >>> MainApp(title='jans-clint-ui')
set_focus Button(name='Submit')
MouseDown(x=21, y=1, screen_x=57, screen_y=39, button=1) >>> Button(name='Submit')
MouseUp(x=21, y=1, screen_x=57, screen_y=39, button=1) >>> Button(name='Submit')
Click(x=21, y=1, screen_x=57, screen_y=39, button=1) >>> Button(name='Submit')
ButtonPressed(Button(name='Submit')) >>> MainApp(title='jans-clint-ui')
set_focus Button(name='Submit')
MouseDown(x=21, y=1, screen_x=57, screen_y=39, button=1) >>> Button(name='Submit')
MouseUp(x=21, y=1, screen_x=57, screen_y=39, button=1) >>> Button(name='Submit')
Click(x=21, y=1, screen_x=57, screen_y=39, button=1) >>> Button(name='Submit')
ButtonPressed(Button(name='Submit')) >>> MainApp(title='jans-clint-ui')
set_focus Button(name='Submit')
MouseDown(x=21, y=1, screen_x=57, screen_y=39, button=1) >>> Button(name='Submit')
MouseUp(x=21, y=1, screen_x=57, screen_y=39, button=1) >>> Button(name='Submit')
Click(x=21, y=1, screen_x=57, screen_y=39, button=1) >>> Button(name='Submit')
ButtonPressed(Button(name='Submit')) >>> MainApp(title='jans-clint-ui')
set_focus Button(name='Submit')
MouseDown(x=30, y=2, screen_x=66, screen_y=40, button=1) >>> Button(name='Submit')
MouseUp(x=32, y=2, screen_x=68, screen_y=40, button=1) >>> Button(name='Submit')
Click(x=32, y=2, screen_x=68, screen_y=40, button=1) >>> Button(name='Submit')
ButtonPressed(Button(name='Submit')) >>> MainApp(title='jans-clint-ui')
set_focus Button(name='Submit')
MouseDown(x=32, y=2, screen_x=68, screen_y=40, button=1) >>> Button(name='Submit')
MouseUp(x=35, y=1, screen_x=71, screen_y=39, button=1) >>> Button(name='Submit')
Click(x=35, y=1, screen_x=71, screen_y=39, button=1) >>> Button(name='Submit')
ButtonPressed(Button(name='Submit')) >>> MainApp(title='jans-clint-ui')
Enter() >>> InputText(name='redirectUrls')
Leave() >>> InputText(name='redirectUrls')
Enter() >>> InputText(name='clientSecret')
set_focus InputText(name='clientSecret')
MouseDown(x=14, y=1, screen_x=93, screen_y=25, button=1) >>> InputText(name='clientSecret')
MouseUp(x=14, y=1, screen_x=93, screen_y=25, button=1) >>> InputText(name='clientSecret')
Click(x=14, y=1, screen_x=93, screen_y=25, button=1) >>> InputText(name='clientSecret')
set_focus InputText(name='clientSecret')
MouseDown(x=14, y=1, screen_x=93, screen_y=25, button=1) >>> InputText(name='clientSecret')
MouseUp(x=14, y=1, screen_x=93, screen_y=25, button=1) >>> InputText(name='clientSecret')
Click(x=14, y=1, screen_x=93, screen_y=25, button=1) >>> InputText(name='clientSecret')
Key(key='ctrl+h') >>> InputText(name='clientSecret')
Key(key='ctrl+h') >>> MainApp(title='jans-clint-ui')
Key(key='ctrl+h') >>> InputText(name='clientSecret')
Key(key='ctrl+h') >>> MainApp(title='jans-clint-ui')
Leave() >>> InputText(name='clientSecret')
Key(key='ctrl+h') >>> InputText(name='clientSecret')
Key(key='ctrl+h') >>> MainApp(title='jans-clint-ui')
Enter() >>> InputText(name='redirectUrls')
Leave() >>> InputText(name='redirectUrls')
set_focus Button(name='Submit')
MouseDown(x=29, y=0, screen_x=65, screen_y=38, button=1) >>> Button(name='Submit')
MouseUp(x=29, y=0, screen_x=65, screen_y=38, button=1) >>> Button(name='Submit')
Click(x=29, y=0, screen_x=65, screen_y=38, button=1) >>> Button(name='Submit')
ButtonPressed(Button(name='Submit')) >>> MainApp(title='jans-clint-ui')
set_focus Button(name='Submit')
MouseDown(x=29, y=0, screen_x=65, screen_y=38, button=1) >>> Button(name='Submit')
MouseUp(x=28, y=1, screen_x=64, screen_y=39, button=1) >>> Button(name='Submit')
Click(x=28, y=1, screen_x=64, screen_y=39, button=1) >>> Button(name='Submit')
ButtonPressed(Button(name='Submit')) >>> MainApp(title='jans-clint-ui')
set_focus Button(name='Submit')
MouseDown(x=28, y=1, screen_x=64, screen_y=39, button=1) >>> Button(name='Submit')
MouseUp(x=28, y=1, screen_x=64, screen_y=39, button=1) >>> Button(name='Submit')
Click(x=28, y=1, screen_x=64, screen_y=39, button=1) >>> Button(name='Submit')
ButtonPressed(Button(name='Submit')) >>> MainApp(title='jans-clint-ui')
set_focus Button(name='Submit')
MouseDown(x=28, y=1, screen_x=64, screen_y=39, button=1) >>> Button(name='Submit')
MouseUp(x=29, y=1, screen_x=65, screen_y=39, button=1) >>> Button(name='Submit')
Click(x=29, y=1, screen_x=65, screen_y=39, button=1) >>> Button(name='Submit')
ButtonPressed(Button(name='Submit')) >>> MainApp(title='jans-clint-ui')
Enter() >>> InputText(name='redirectUrls')
Leave() >>> InputText(name='redirectUrls')
Enter() >>> InputText(name='clientSecret')
Leave() >>> InputText(name='clientSecret')
Enter() >>> InputText(name='displayName')
Leave() >>> InputText(name='displayName')
Enter() >>> InputText(name='clientSecret')
Leave() >>> InputText(name='clientSecret')
Enter() >>> InputText(name='redirectUrls')
Leave() >>> InputText(name='redirectUrls')
Enter() >>> InputText(name='clientSecret')
Leave() >>> InputText(name='clientSecret')
Enter() >>> InputText(name='displayName')
Leave() >>> InputText(name='displayName')
Enter() >>> InputText(name='displayName')
Leave() >>> InputText(name='displayName')
Enter() >>> InputText(name='clientSecret')
Leave() >>> InputText(name='clientSecret')
Enter() >>> InputText(name='redirectUrls')
set_focus InputText(name='redirectUrls')
MouseDown(x=14, y=1, screen_x=93, screen_y=32, button=1) >>> InputText(name='redirectUrls')
Leave() >>> InputText(name='redirectUrls')
Enter() >>> InputText(name='clientSecret')
Leave() >>> InputText(name='clientSecret')
Enter() >>> InputText(name='displayName')
Leave() >>> InputText(name='displayName')
