---
driver=<class 'textual.drivers.windows_driver.WindowsDriver'>
event monitor constructed
event monitor thread started
Mount() >>> GridTest(title='Grid Test')
Mount() >>> DockView(name='DockView#1')
Mount() >>> View(name='left')
Enter() >>> RadioButtons(name='RadioButtons#6')
Leave() >>> RadioButtons(name='RadioButtons#6')
Enter() >>> RadioButtons(name='RadioButtons#5')
Leave() >>> RadioButtons(name='RadioButtons#5')
Enter() >>> RadioButtons(name='hello')
set_focus RadioButtons(name='hello')
MouseDown(x=12, y=1, screen_y=14, button=1) >>> RadioButtons(name='hello')
MouseDown(x=12, y=1, screen_y=14, button=1) >>> RadioButtons(name='hello')
MouseUp(x=13, y=1, screen_y=14, button=1) >>> RadioButtons(name='hello')
MouseUp(x=13, y=1, screen_y=14, button=1) >>> RadioButtons(name='hello')
Click(x=13, y=1, screen_y=14, button=1) >>> RadioButtons(name='hello')
Leave() >>> RadioButtons(name='hello')
Enter() >>> RadioButtons(name='RadioButtons#5')
set_focus RadioButtons(name='RadioButtons#5')
MouseDown(x=19, y=0, screen_y=16, button=1) >>> RadioButtons(name='RadioButtons#5')
MouseDown(x=19, y=0, screen_y=16, button=1) >>> RadioButtons(name='RadioButtons#5')
MouseUp(x=19, y=0, screen_y=16, button=1) >>> RadioButtons(name='RadioButtons#5')
MouseUp(x=19, y=0, screen_y=16, button=1) >>> RadioButtons(name='RadioButtons#5')
Click(x=19, y=0, screen_y=16, button=1) >>> RadioButtons(name='RadioButtons#5')
Leave() >>> RadioButtons(name='RadioButtons#5')
Enter() >>> RadioButtons(name='RadioButtons#6')
set_focus RadioButtons(name='RadioButtons#6')
MouseDown(x=20, y=0, screen_y=19, button=1) >>> RadioButtons(name='RadioButtons#6')
MouseDown(x=20, y=0, screen_y=19, button=1) >>> RadioButtons(name='RadioButtons#6')
MouseUp(x=20, y=0, screen_y=19, button=1) >>> RadioButtons(name='RadioButtons#6')
MouseUp(x=20, y=0, screen_y=19, button=1) >>> RadioButtons(name='RadioButtons#6')
Click(x=20, y=0, screen_y=19, button=1) >>> RadioButtons(name='RadioButtons#6')
Leave() >>> RadioButtons(name='RadioButtons#6')
Enter() >>> RadioButtons(name='RadioButtons#5')
Leave() >>> RadioButtons(name='RadioButtons#5')
Enter() >>> RadioButtons(name='hello')
Leave() >>> RadioButtons(name='hello')
Enter() >>> CustomTextInput(name='redirectUris', title='Redirect Uris: ', value='', on_change_handler_name='handle_input_on_change', on_focus_handler_name='handle_input_on_focus')
set_focus CustomTextInput(name='redirectUris', title='Redirect Uris: ', value='', on_change_handler_name='handle_input_on_change', on_focus_handler_name='handle_input_on_focus')
Focus() >>> CustomTextInput(name='redirectUris', title='Redirect Uris: ', value='', on_change_handler_name='handle_input_on_change', on_focus_handler_name='handle_input_on_focus')
MouseDown(x=13, y=2, screen_y=8, button=1) >>> CustomTextInput(name='redirectUris', title='Redirect Uris: ', value='', on_change_handler_name='handle_input_on_change', on_focus_handler_name='handle_input_on_focus')
MouseUp(x=13, y=2, screen_y=8, button=1) >>> CustomTextInput(name='redirectUris', title='Redirect Uris: ', value='', on_change_handler_name='handle_input_on_change', on_focus_handler_name='handle_input_on_focus')
Click(x=13, y=2, screen_y=8, button=1) >>> CustomTextInput(name='redirectUris', title='Redirect Uris: ', value='', on_change_handler_name='handle_input_on_change', on_focus_handler_name='handle_input_on_focus')
Leave() >>> CustomTextInput(name='redirectUris', title='Redirect Uris: ', value='', on_change_handler_name='handle_input_on_change', on_focus_handler_name='handle_input_on_focus')
Enter() >>> CustomTextInput(name='clientSecret', title='Client Secret: ', value='', on_change_handler_name='handle_input_on_change', on_focus_handler_name='handle_input_on_focus')
set_focus CustomTextInput(name='clientSecret', title='Client Secret: ', value='', on_change_handler_name='handle_input_on_change', on_focus_handler_name='handle_input_on_focus')
Blur() >>> CustomTextInput(name='redirectUris', title='Redirect Uris: ', value='', on_change_handler_name='handle_input_on_change', on_focus_handler_name='handle_input_on_focus')
Focus() >>> CustomTextInput(name='clientSecret', title='Client Secret: ', value='', on_change_handler_name='handle_input_on_change', on_focus_handler_name='handle_input_on_focus')
MouseDown(x=15, y=1, screen_y=4, button=1) >>> CustomTextInput(name='clientSecret', title='Client Secret: ', value='', on_change_handler_name='handle_input_on_change', on_focus_handler_name='handle_input_on_focus')
MouseUp(x=15, y=1, screen_y=4, button=1) >>> CustomTextInput(name='clientSecret', title='Client Secret: ', value='', on_change_handler_name='handle_input_on_change', on_focus_handler_name='handle_input_on_focus')
Click(x=15, y=1, screen_y=4, button=1) >>> CustomTextInput(name='clientSecret', title='Client Secret: ', value='', on_change_handler_name='handle_input_on_change', on_focus_handler_name='handle_input_on_focus')
Leave() >>> CustomTextInput(name='clientSecret', title='Client Secret: ', value='', on_change_handler_name='handle_input_on_change', on_focus_handler_name='handle_input_on_focus')
Enter() >>> CustomTextInput(name='displayName', title='Display Name: ', value='', on_change_handler_name='handle_input_on_change', on_focus_handler_name='handle_input_on_focus')
set_focus CustomTextInput(name='displayName', title='Display Name: ', value='', on_change_handler_name='handle_input_on_change', on_focus_handler_name='handle_input_on_focus')
Blur() >>> CustomTextInput(name='clientSecret', title='Client Secret: ', value='', on_change_handler_name='handle_input_on_change', on_focus_handler_name='handle_input_on_focus')
Focus() >>> CustomTextInput(name='displayName', title='Display Name: ', value='', on_change_handler_name='handle_input_on_change', on_focus_handler_name='handle_input_on_focus')
MouseDown(x=16, y=1, button=1) >>> CustomTextInput(name='displayName', title='Display Name: ', value='', on_change_handler_name='handle_input_on_change', on_focus_handler_name='handle_input_on_focus')
MouseUp(x=16, y=1, button=1) >>> CustomTextInput(name='displayName', title='Display Name: ', value='', on_change_handler_name='handle_input_on_change', on_focus_handler_name='handle_input_on_focus')
Click(x=16, y=1, button=1) >>> CustomTextInput(name='displayName', title='Display Name: ', value='', on_change_handler_name='handle_input_on_change', on_focus_handler_name='handle_input_on_focus')
Leave() >>> CustomTextInput(name='displayName', title='Display Name: ', value='', on_change_handler_name='handle_input_on_change', on_focus_handler_name='handle_input_on_focus')
Enter() >>> CustomTextInput(name='clientSecret', title='Client Secret: ', value='', on_change_handler_name='handle_input_on_change', on_focus_handler_name='handle_input_on_focus')
Leave() >>> CustomTextInput(name='clientSecret', title='Client Secret: ', value='', on_change_handler_name='handle_input_on_change', on_focus_handler_name='handle_input_on_focus')
Enter() >>> CustomTextInput(name='redirectUris', title='Redirect Uris: ', value='', on_change_handler_name='handle_input_on_change', on_focus_handler_name='handle_input_on_focus')
Leave() >>> CustomTextInput(name='redirectUris', title='Redirect Uris: ', value='', on_change_handler_name='handle_input_on_change', on_focus_handler_name='handle_input_on_focus')
Enter() >>> RadioButtons(name='hello')
set_focus RadioButtons(name='hello')
Blur() >>> CustomTextInput(name='displayName', title='Display Name: ', value='', on_change_handler_name='handle_input_on_change', on_focus_handler_name='handle_input_on_focus')
MouseDown(x=20, y=2, screen_y=15, button=1) >>> RadioButtons(name='hello')
MouseDown(x=20, y=2, screen_y=15, button=1) >>> RadioButtons(name='hello')
MouseUp(x=20, y=2, screen_y=15, button=1) >>> RadioButtons(name='hello')
MouseUp(x=20, y=2, screen_y=15, button=1) >>> RadioButtons(name='hello')
Click(x=20, y=2, screen_y=15, button=1) >>> RadioButtons(name='hello')
Leave() >>> RadioButtons(name='hello')
Enter() >>> RadioButtons(name='RadioButtons#5')
set_focus RadioButtons(name='RadioButtons#5')
MouseDown(x=18, y=2, screen_y=18, button=1) >>> RadioButtons(name='RadioButtons#5')
MouseDown(x=18, y=2, screen_y=18, button=1) >>> RadioButtons(name='RadioButtons#5')
MouseUp(x=18, y=2, screen_y=18, button=1) >>> RadioButtons(name='RadioButtons#5')
MouseUp(x=18, y=2, screen_y=18, button=1) >>> RadioButtons(name='RadioButtons#5')
Click(x=18, y=2, screen_y=18, button=1) >>> RadioButtons(name='RadioButtons#5')
Leave() >>> RadioButtons(name='RadioButtons#5')
Enter() >>> RadioButtons(name='RadioButtons#6')
set_focus RadioButtons(name='RadioButtons#6')
MouseDown(x=17, y=1, screen_y=20, button=1) >>> RadioButtons(name='RadioButtons#6')
MouseDown(x=17, y=1, screen_y=20, button=1) >>> RadioButtons(name='RadioButtons#6')
MouseUp(x=17, y=1, screen_y=20, button=1) >>> RadioButtons(name='RadioButtons#6')
MouseUp(x=17, y=1, screen_y=20, button=1) >>> RadioButtons(name='RadioButtons#6')
Click(x=17, y=1, screen_y=20, button=1) >>> RadioButtons(name='RadioButtons#6')
set_focus RadioButtons(name='RadioButtons#6')
MouseDown(x=17, y=1, screen_y=20, button=1) >>> RadioButtons(name='RadioButtons#6')
MouseDown(x=17, y=1, screen_y=20, button=1) >>> RadioButtons(name='RadioButtons#6')
MouseUp(x=17, y=1, screen_y=20, button=1) >>> RadioButtons(name='RadioButtons#6')
MouseUp(x=17, y=1, screen_y=20, button=1) >>> RadioButtons(name='RadioButtons#6')
Click(x=17, y=1, screen_y=20, button=1) >>> RadioButtons(name='RadioButtons#6')
Leave() >>> RadioButtons(name='RadioButtons#6')
Enter() >>> RadioButtons(name='RadioButtons#5')
set_focus RadioButtons(name='RadioButtons#5')
MouseDown(x=15, y=2, screen_y=18, button=1) >>> RadioButtons(name='RadioButtons#5')
MouseDown(x=15, y=2, screen_y=18, button=1) >>> RadioButtons(name='RadioButtons#5')
MouseUp(x=15, y=2, screen_y=18, button=1) >>> RadioButtons(name='RadioButtons#5')
MouseUp(x=15, y=2, screen_y=18, button=1) >>> RadioButtons(name='RadioButtons#5')
Click(x=15, y=2, screen_y=18, button=1) >>> RadioButtons(name='RadioButtons#5')
Leave() >>> RadioButtons(name='RadioButtons#5')
Enter() >>> RadioButtons(name='hello')
set_focus RadioButtons(name='hello')
MouseDown(x=13, y=2, screen_y=15, button=1) >>> RadioButtons(name='hello')
MouseDown(x=13, y=2, screen_y=15, button=1) >>> RadioButtons(name='hello')
MouseUp(x=13, y=2, screen_y=15, button=1) >>> RadioButtons(name='hello')
MouseUp(x=13, y=2, screen_y=15, button=1) >>> RadioButtons(name='hello')
Click(x=13, y=2, screen_y=15, button=1) >>> RadioButtons(name='hello')
Leave() >>> RadioButtons(name='hello')
Enter() >>> RadioButtons(name='RadioButtons#5')
Leave() >>> RadioButtons(name='RadioButtons#5')
Enter() >>> RadioButtons(name='RadioButtons#6')
Leave() >>> RadioButtons(name='RadioButtons#6')
Enter() >>> RadioButtons(name='RadioButtons#5')
Leave() >>> RadioButtons(name='RadioButtons#5')
Enter() >>> RadioButtons(name='hello')
Leave() >>> RadioButtons(name='hello')
Enter() >>> CustomTextInput(name='redirectUris', title='Redirect Uris: ', value='', on_change_handler_name='handle_input_on_change', on_focus_handler_name='handle_input_on_focus')
set_focus CustomTextInput(name='redirectUris', title='Redirect Uris: ', value='', on_change_handler_name='handle_input_on_change', on_focus_handler_name='handle_input_on_focus')
Focus() >>> CustomTextInput(name='redirectUris', title='Redirect Uris: ', value='', on_change_handler_name='handle_input_on_change', on_focus_handler_name='handle_input_on_focus')
MouseDown(x=9, y=3, screen_y=9, button=1) >>> CustomTextInput(name='redirectUris', title='Redirect Uris: ', value='', on_change_handler_name='handle_input_on_change', on_focus_handler_name='handle_input_on_focus')
MouseUp(x=9, y=3, screen_y=9, button=1) >>> CustomTextInput(name='redirectUris', title='Redirect Uris: ', value='', on_change_handler_name='handle_input_on_change', on_focus_handler_name='handle_input_on_focus')
Click(x=9, y=3, screen_y=9, button=1) >>> CustomTextInput(name='redirectUris', title='Redirect Uris: ', value='', on_change_handler_name='handle_input_on_change', on_focus_handler_name='handle_input_on_focus')
Leave() >>> CustomTextInput(name='redirectUris', title='Redirect Uris: ', value='', on_change_handler_name='handle_input_on_change', on_focus_handler_name='handle_input_on_focus')
Enter() >>> RadioButtons(name='hello')
Leave() >>> RadioButtons(name='hello')
Enter() >>> RadioButtons(name='RadioButtons#5')
Leave() >>> RadioButtons(name='RadioButtons#5')
Enter() >>> RadioButtons(name='RadioButtons#6')
Leave() >>> RadioButtons(name='RadioButtons#6')
Key(key='ctrl+@') >>> CustomTextInput(name='redirectUris', title='Redirect Uris: ', value='', on_change_handler_name='handle_input_on_change', on_focus_handler_name='handle_input_on_focus')
Key(key='ctrl+@') >>> GridTest(title='Grid Test')
Enter() >>> RadioButtons(name='RadioButtons#6')
Leave() >>> RadioButtons(name='RadioButtons#6')
Enter() >>> RadioButtons(name='RadioButtons#5')
Leave() >>> RadioButtons(name='RadioButtons#5')
Enter() >>> RadioButtons(name='hello')
set_focus RadioButtons(name='hello')
Blur() >>> CustomTextInput(name='redirectUris', title='Redirect Uris: ', value='', on_change_handler_name='handle_input_on_change', on_focus_handler_name='handle_input_on_focus')
MouseDown(x=30, y=2, screen_y=15, button=1) >>> RadioButtons(name='hello')
MouseDown(x=30, y=2, screen_y=15, button=1) >>> RadioButtons(name='hello')
MouseUp(x=30, y=2, screen_y=15, button=1) >>> RadioButtons(name='hello')
MouseUp(x=30, y=2, screen_y=15, button=1) >>> RadioButtons(name='hello')
Click(x=30, y=2, screen_y=15, button=1) >>> RadioButtons(name='hello')
Leave() >>> RadioButtons(name='hello')
Enter() >>> RadioButtons(name='RadioButtons#5')
set_focus RadioButtons(name='RadioButtons#5')
MouseDown(x=27, y=0, screen_y=16, button=1) >>> RadioButtons(name='RadioButtons#5')
MouseDown(x=27, y=0, screen_y=16, button=1) >>> RadioButtons(name='RadioButtons#5')
MouseUp(x=27, y=0, screen_y=16, button=1) >>> RadioButtons(name='RadioButtons#5')
MouseUp(x=27, y=0, screen_y=16, button=1) >>> RadioButtons(name='RadioButtons#5')
Click(x=27, y=0, screen_y=16, button=1) >>> RadioButtons(name='RadioButtons#5')
Leave() >>> RadioButtons(name='RadioButtons#5')
Enter() >>> RadioButtons(name='RadioButtons#6')
set_focus RadioButtons(name='RadioButtons#6')
MouseDown(x=28, y=2, screen_y=21, button=1) >>> RadioButtons(name='RadioButtons#6')
MouseDown(x=28, y=2, screen_y=21, button=1) >>> RadioButtons(name='RadioButtons#6')
MouseUp(x=28, y=2, screen_y=21, button=1) >>> RadioButtons(name='RadioButtons#6')
MouseUp(x=28, y=2, screen_y=21, button=1) >>> RadioButtons(name='RadioButtons#6')
Click(x=28, y=2, screen_y=21, button=1) >>> RadioButtons(name='RadioButtons#6')
Leave() >>> RadioButtons(name='RadioButtons#6')
Enter() >>> RadioButtons(name='RadioButtons#5')
set_focus RadioButtons(name='RadioButtons#5')
MouseDown(x=24, y=1, screen_y=17, button=1) >>> RadioButtons(name='RadioButtons#5')
MouseDown(x=24, y=1, screen_y=17, button=1) >>> RadioButtons(name='RadioButtons#5')
MouseUp(x=24, y=1, screen_y=17, button=1) >>> RadioButtons(name='RadioButtons#5')
MouseUp(x=24, y=1, screen_y=17, button=1) >>> RadioButtons(name='RadioButtons#5')
Click(x=24, y=1, screen_y=17, button=1) >>> RadioButtons(name='RadioButtons#5')
Leave() >>> RadioButtons(name='RadioButtons#5')
Enter() >>> RadioButtons(name='hello')
set_focus RadioButtons(name='hello')
MouseDown(x=23, y=0, screen_y=13, button=1) >>> RadioButtons(name='hello')
MouseDown(x=23, y=0, screen_y=13, button=1) >>> RadioButtons(name='hello')
MouseUp(x=23, y=0, screen_y=13, button=1) >>> RadioButtons(name='hello')
MouseUp(x=23, y=0, screen_y=13, button=1) >>> RadioButtons(name='hello')
Click(x=23, y=0, screen_y=13, button=1) >>> RadioButtons(name='hello')
Leave() >>> RadioButtons(name='hello')
Enter() >>> RadioButtons(name='RadioButtons#5')
Leave() >>> RadioButtons(name='RadioButtons#5')
Enter() >>> RadioButtons(name='RadioButtons#6')
set_focus RadioButtons(name='RadioButtons#6')
MouseDown(x=19, y=1, screen_y=20, button=1) >>> RadioButtons(name='RadioButtons#6')
MouseDown(x=19, y=1, screen_y=20, button=1) >>> RadioButtons(name='RadioButtons#6')
MouseUp(x=19, y=1, screen_y=20, button=1) >>> RadioButtons(name='RadioButtons#6')
MouseUp(x=19, y=1, screen_y=20, button=1) >>> RadioButtons(name='RadioButtons#6')
Click(x=19, y=1, screen_y=20, button=1) >>> RadioButtons(name='RadioButtons#6')
Leave() >>> RadioButtons(name='RadioButtons#6')
Enter() >>> RadioButtons(name='RadioButtons#5')
set_focus RadioButtons(name='RadioButtons#5')
MouseDown(x=18, y=0, screen_y=16, button=1) >>> RadioButtons(name='RadioButtons#5')
MouseDown(x=18, y=0, screen_y=16, button=1) >>> RadioButtons(name='RadioButtons#5')
MouseUp(x=18, y=0, screen_y=16, button=1) >>> RadioButtons(name='RadioButtons#5')
MouseUp(x=18, y=0, screen_y=16, button=1) >>> RadioButtons(name='RadioButtons#5')
Click(x=18, y=0, screen_y=16, button=1) >>> RadioButtons(name='RadioButtons#5')
Leave() >>> RadioButtons(name='RadioButtons#5')
Enter() >>> RadioButtons(name='hello')
set_focus RadioButtons(name='hello')
MouseDown(x=17, y=1, screen_y=14, button=1) >>> RadioButtons(name='hello')
MouseDown(x=17, y=1, screen_y=14, button=1) >>> RadioButtons(name='hello')
MouseUp(x=17, y=1, screen_y=14, button=1) >>> RadioButtons(name='hello')
MouseUp(x=17, y=1, screen_y=14, button=1) >>> RadioButtons(name='hello')
Click(x=17, y=1, screen_y=14, button=1) >>> RadioButtons(name='hello')
Leave() >>> RadioButtons(name='hello')
Enter() >>> RadioButtons(name='RadioButtons#5')
set_focus RadioButtons(name='RadioButtons#5')
MouseDown(x=17, y=2, screen_y=18, button=1) >>> RadioButtons(name='RadioButtons#5')
MouseDown(x=17, y=2, screen_y=18, button=1) >>> RadioButtons(name='RadioButtons#5')
MouseUp(x=17, y=2, screen_y=18, button=1) >>> RadioButtons(name='RadioButtons#5')
MouseUp(x=17, y=2, screen_y=18, button=1) >>> RadioButtons(name='RadioButtons#5')
Click(x=17, y=2, screen_y=18, button=1) >>> RadioButtons(name='RadioButtons#5')
Leave() >>> RadioButtons(name='RadioButtons#5')
Enter() >>> RadioButtons(name='RadioButtons#6')
Leave() >>> RadioButtons(name='RadioButtons#6')
Enter() >>> RadioButtons(name='RadioButtons#6')
set_focus RadioButtons(name='RadioButtons#6')
MouseDown(x=16, y=1, screen_y=20, button=1) >>> RadioButtons(name='RadioButtons#6')
MouseDown(x=16, y=1, screen_y=20, button=1) >>> RadioButtons(name='RadioButtons#6')
MouseUp(x=16, y=1, screen_y=20, button=1) >>> RadioButtons(name='RadioButtons#6')
MouseUp(x=16, y=1, screen_y=20, button=1) >>> RadioButtons(name='RadioButtons#6')
Click(x=16, y=1, screen_y=20, button=1) >>> RadioButtons(name='RadioButtons#6')
Leave() >>> RadioButtons(name='RadioButtons#6')
Key(key='ctrl+i') >>> GridTest(title='Grid Test')
Key(key='ctrl+@') >>> GridTest(title='Grid Test')
Key(key='ctrl+@') >>> GridTest(title='Grid Test')
Key(key='ctrl+c') >>> GridTest(title='Grid Test')
ACTION GridTest(title='Grid Test') quit
event monitor thread finished
CLOSED GridTest(title='Grid Test')
PROCESS END
